<?xml version="1.0" encoding="UTF-8"?>
<!-- Generated by org.testng.reporters.JUnitReportReporter -->
<testsuite hostname="Madhurs-MacBook-Air.local" failures="0" tests="1" name="com.services.tests.TC001Categories" time="1.454" errors="0" timestamp="2020-12-25T16:44:33 IST" skipped="0">
  <testcase classname="com.services.tests.TC001Categories" name="testOne" time="1.454"/>
  <system-out/>
</testsuite> <!-- com.services.tests.TC001Categories -->
