<?xml version="1.0" encoding="UTF-8"?>
<!-- Generated by org.testng.reporters.JUnitReportReporter -->
<testsuite hostname="Madhurs-MacBook-Air.local" failures="0" tests="1" name="com.tests.TestOne" time="1.834" errors="0" timestamp="2020-12-25T15:46:48 IST" skipped="0">
  <testcase classname="com.tests.TestOne" name="testOne" time="1.834"/>
  <system-out/>
</testsuite> <!-- com.tests.TestOne -->
